<?xml version="1.0" encoding="UTF-8"?>
<!-- Generated by org.testng.reporters.JUnitXMLReporter -->
<testsuite ignored="0" hostname="LAPTOP-9L7GU43Q" failures="0" tests="5" name="Default test" time="18.685" errors="0" timestamp="2026-05-22T08:53:19 IST">
  <testcase classname="org.test.qa.CartCheckoutTest" name="@BeforeClass setup" time="18.626">
    <failure type="org.openqa.selenium.SessionNotCreatedException" message="Could not start a new session. Response code 400. Message: invalid argument: entry 0 of &amp;apos;firstMatch&amp;apos; is invalid
from invalid argument: cannot parse capability: goog:chromeOptions
from invalid argument: cannot parse args
from invalid argument: argument is empty 
Host info: host: &amp;apos;LAPTOP-9L7GU43Q&amp;apos;, ip: &amp;apos;192.168.0.141&amp;apos;
Build info: version: &amp;apos;4.25.0&amp;apos;, revision: &amp;apos;8a8aea2337&amp;apos;
System info: os.name: &amp;apos;Windows 11&amp;apos;, os.arch: &amp;apos;amd64&amp;apos;, os.version: &amp;apos;10.0&amp;apos;, java.version: &amp;apos;21.0.10&amp;apos;
Driver info: org.openqa.selenium.chrome.ChromeDriver
Command: [null, newSession {capabilities=[Capabilities {browserName: chrome, goog:chromeOptions: {args: [--headless=new, --no-sandbox, , --disable-gpu, --window-size=1920,1080], binary: C:\Program Files\Google\Chr..., extensions: []}}]}]">
      <![CDATA[org.openqa.selenium.SessionNotCreatedException: Could not start a new session. Response code 400. Message: invalid argument: entry 0 of 'firstMatch' is invalid
from invalid argument: cannot parse capability: goog:chromeOptions
from invalid argument: cannot parse args
from invalid argument: argument is empty 
Host info: host: 'LAPTOP-9L7GU43Q', ip: '192.168.0.141'
Build info: version: '4.25.0', revision: '8a8aea2337'
System info: os.name: 'Windows 11', os.arch: 'amd64', os.version: '10.0', java.version: '21.0.10'
Driver info: org.openqa.selenium.chrome.ChromeDriver
Command: [null, newSession {capabilities=[Capabilities {browserName: chrome, goog:chromeOptions: {args: [--headless=new, --no-sandbox, , --disable-gpu, --window-size=1920,1080], binary: C:\Program Files\Google\Chr..., extensions: []}}]}]
at org.openqa.selenium.remote.ProtocolHandshake.createSession(ProtocolHandshake.java:114)
at org.openqa.selenium.remote.ProtocolHandshake.createSession(ProtocolHandshake.java:75)
at org.openqa.selenium.remote.ProtocolHandshake.createSession(ProtocolHandshake.java:61)
at org.openqa.selenium.remote.HttpCommandExecutor.execute(HttpCommandExecutor.java:162)
at org.openqa.selenium.remote.service.DriverCommandExecutor.invokeExecute(DriverCommandExecutor.java:216)
at org.openqa.selenium.remote.service.DriverCommandExecutor.execute(DriverCommandExecutor.java:174)
at org.openqa.selenium.remote.RemoteWebDriver.execute(RemoteWebDriver.java:545)
at org.openqa.selenium.remote.RemoteWebDriver.startSession(RemoteWebDriver.java:245)
at org.openqa.selenium.remote.RemoteWebDriver.<init>(RemoteWebDriver.java:174)
at org.openqa.selenium.chromium.ChromiumDriver.<init>(ChromiumDriver.java:114)
at org.openqa.selenium.chrome.ChromeDriver.<init>(ChromeDriver.java:88)
at org.openqa.selenium.chrome.ChromeDriver.<init>(ChromeDriver.java:83)
at org.openqa.selenium.chrome.ChromeDriver.<init>(ChromeDriver.java:72)
at org.base.qa.BaseTest.begin(BaseTest.java:54)
at org.test.qa.CartCheckoutTest.setup(CartCheckoutTest.java:30)
at java.base/jdk.internal.reflect.DirectMethodHandleAccessor.invoke(DirectMethodHandleAccessor.java:103)
at java.base/java.lang.reflect.Method.invoke(Method.java:580)
at org.testng.internal.invokers.MethodInvocationHelper.invokeMethod(MethodInvocationHelper.java:141)
at org.testng.internal.invokers.MethodInvocationHelper.invokeMethodConsideringTimeout(MethodInvocationHelper.java:71)
at org.testng.internal.invokers.ConfigInvoker.invokeConfigurationMethod(ConfigInvoker.java:400)
at org.testng.internal.invokers.ConfigInvoker.invokeConfigurations(ConfigInvoker.java:333)
at org.testng.internal.invokers.TestMethodWorker.invokeBeforeClassMethods(TestMethodWorker.java:188)
at org.testng.internal.invokers.TestMethodWorker.run(TestMethodWorker.java:128)
at java.base/java.util.ArrayList.forEach(ArrayList.java:1596)
at org.testng.TestRunner.privateRun(TestRunner.java:741)
at org.testng.TestRunner.run(TestRunner.java:616)
at org.testng.SuiteRunner.runTest(SuiteRunner.java:421)
at org.testng.SuiteRunner.runSequentially(SuiteRunner.java:413)
at org.testng.SuiteRunner.privateRun(SuiteRunner.java:373)
at org.testng.SuiteRunner.run(SuiteRunner.java:312)
at org.testng.SuiteRunnerWorker.runSuite(SuiteRunnerWorker.java:52)
at org.testng.SuiteRunnerWorker.run(SuiteRunnerWorker.java:95)
at org.testng.TestNG.runSuitesSequentially(TestNG.java:1274)
at org.testng.TestNG.runSuitesLocally(TestNG.java:1208)
at org.testng.TestNG.runSuites(TestNG.java:1112)
at org.testng.TestNG.run(TestNG.java:1079)
at org.testng.remote.AbstractRemoteTestNG.run(AbstractRemoteTestNG.java:115)
at org.testng.remote.RemoteTestNG.initAndRun(RemoteTestNG.java:293)
at org.testng.remote.RemoteTestNG.main(RemoteTestNG.java:91)
]]>
    </failure>
  </testcase> <!-- @BeforeClass setup -->
  <testcase classname="org.utils.qa.ExtentManager" name="@BeforeMethod createTest" time="0.0">
    <skipped/>
  </testcase> <!-- @BeforeMethod createTest -->
  <testcase classname="org.test.qa.CartCheckoutTest" name="@AfterMethod screenshot" time="0.0">
    <skipped/>
  </testcase> <!-- @AfterMethod screenshot -->
  <testcase classname="org.utils.qa.ExtentManager" name="@AfterMethod captureResult" time="0.0">
    <skipped/>
  </testcase> <!-- @AfterMethod captureResult -->
  <testcase classname="org.utils.qa.ExtentManager" name="@BeforeMethod createTest" time="0.0">
    <skipped/>
  </testcase> <!-- @BeforeMethod createTest -->
  <testcase classname="org.test.qa.CartCheckoutTest" name="@AfterMethod screenshot" time="0.0">
    <skipped/>
  </testcase> <!-- @AfterMethod screenshot -->
  <testcase classname="org.utils.qa.ExtentManager" name="@AfterMethod captureResult" time="0.0">
    <skipped/>
  </testcase> <!-- @AfterMethod captureResult -->
  <testcase classname="org.utils.qa.ExtentManager" name="@BeforeMethod createTest" time="0.0">
    <skipped/>
  </testcase> <!-- @BeforeMethod createTest -->
  <testcase classname="org.test.qa.CartCheckoutTest" name="@AfterMethod screenshot" time="0.0">
    <skipped/>
  </testcase> <!-- @AfterMethod screenshot -->
  <testcase classname="org.utils.qa.ExtentManager" name="@AfterMethod captureResult" time="0.0">
    <skipped/>
  </testcase> <!-- @AfterMethod captureResult -->
  <testcase classname="org.utils.qa.ExtentManager" name="@BeforeMethod createTest" time="0.0">
    <skipped/>
  </testcase> <!-- @BeforeMethod createTest -->
  <testcase classname="org.test.qa.CartCheckoutTest" name="@AfterMethod screenshot" time="0.0">
    <skipped/>
  </testcase> <!-- @AfterMethod screenshot -->
  <testcase classname="org.utils.qa.ExtentManager" name="@AfterMethod captureResult" time="0.0">
    <skipped/>
  </testcase> <!-- @AfterMethod captureResult -->
  <testcase classname="org.utils.qa.ExtentManager" name="@BeforeMethod createTest" time="0.0">
    <skipped/>
  </testcase> <!-- @BeforeMethod createTest -->
  <testcase classname="org.test.qa.CartCheckoutTest" name="@AfterMethod screenshot" time="0.0">
    <skipped/>
  </testcase> <!-- @AfterMethod screenshot -->
  <testcase classname="org.utils.qa.ExtentManager" name="@AfterMethod captureResult" time="0.0">
    <skipped/>
  </testcase> <!-- @AfterMethod captureResult -->
  <testcase classname="org.utils.qa.ExtentManager" name="@AfterClass closeBrowser" time="0.0">
    <skipped/>
  </testcase> <!-- @AfterClass closeBrowser -->
  <testcase classname="org.test.qa.CartCheckoutTest" name="addProductUsingSearch" time="0.0">
    <skipped/>
  </testcase> <!-- addProductUsingSearch -->
  <testcase classname="org.test.qa.CartCheckoutTest" name="brandFlow" time="0.0">
    <skipped/>
  </testcase> <!-- brandFlow -->
  <testcase classname="org.test.qa.CartCheckoutTest" name="categoryFlow" time="0.0">
    <skipped/>
  </testcase> <!-- categoryFlow -->
  <testcase classname="org.test.qa.CartCheckoutTest" name="guestUserBlocked" time="0.0">
    <skipped/>
  </testcase> <!-- guestUserBlocked -->
  <testcase classname="org.test.qa.CartCheckoutTest" name="verifyQuantity" time="0.0">
    <skipped/>
  </testcase> <!-- verifyQuantity -->
</testsuite> <!-- Default test -->
