<?xml version="1.0" encoding="UTF-8"?>
<!-- Generated by org.testng.reporters.JUnitReportReporter -->
<testsuite hostname="LAPTOP-9L7GU43Q" failures="0" tests="12" name="org.test.qa.HomePageTest" time="38.114" errors="1" timestamp="2026-05-22T09:05:11 IST" skipped="11">
  <testcase classname="org.test.qa.HomePageTest" name="homePageTest" time="0.000">
    <skipped/>
  </testcase> <!-- homePageTest -->
  <testcase classname="org.test.qa.HomePageTest" name="homePageTest" time="0.000">
    <skipped/>
  </testcase> <!-- homePageTest -->
  <testcase classname="org.test.qa.HomePageTest" name="homePageTest" time="0.000">
    <skipped/>
  </testcase> <!-- homePageTest -->
  <testcase classname="org.test.qa.HomePageTest" name="homePageTest" time="0.000">
    <skipped/>
  </testcase> <!-- homePageTest -->
  <testcase classname="org.test.qa.HomePageTest" name="homePageTest" time="0.000">
    <skipped/>
  </testcase> <!-- homePageTest -->
  <testcase classname="org.test.qa.HomePageTest" name="homePageTest" time="0.000">
    <skipped/>
  </testcase> <!-- homePageTest -->
  <testcase classname="org.test.qa.HomePageTest" name="homePageTest" time="0.000">
    <skipped/>
  </testcase> <!-- homePageTest -->
  <testcase classname="org.test.qa.HomePageTest" name="homePageTest" time="0.000">
    <skipped/>
  </testcase> <!-- homePageTest -->
  <testcase classname="org.test.qa.HomePageTest" name="setUp" time="38.114">
    <error message="timeout: Timed out receiving message from renderer: 30.000
  (Session info: chrome=148.0.7778.168)
Build info: version: &#039;4.25.0&#039;, revision: &#039;8a8aea2337&#039;
System info: os.name: &#039;Windows 11&#039;, os.arch: &#039;amd64&#039;, os.version: &#039;10.0&#039;, java.version: &#039;21.0.10&#039;
Driver info: org.openqa.selenium.chrome.ChromeDriver
Command: [83854e49467b76b44bcde707fccda74b, clickElement {id=f.0FB8A212D86B1F7CF1C7319A0D7233AA.d.29C92A246468F136F4D2438B4884F06A.e.115}]
Capabilities {acceptInsecureCerts: false, browserName: chrome, browserVersion: 148.0.7778.168, chrome: {chromedriverVersion: 148.0.7778.178 (d096af1c9e9..., userDataDir: C:\Users\Siddhi\AppData\Loc...}, fedcm:accounts: true, goog:chromeOptions: {debuggerAddress: localhost:60188}, goog:processID: 26020, networkConnectionEnabled: false, pageLoadStrategy: normal, platformName: windows, proxy: Proxy(), se:cdp: ws://localhost:60188/devtoo..., se:cdpVersion: 148.0.7778.168, setWindowRect: true, strictFileInteractability: false, timeouts: {implicit: 0, pageLoad: 300000, script: 30000}, unhandledPromptBehavior: dismiss and notify, webauthn:extension:credBlob: true, webauthn:extension:largeBlob: true, webauthn:extension:minPinLength: true, webauthn:extension:prf: true, webauthn:virtualAuthenticators: true}
Element: [[ChromeDriver: chrome on windows (83854e49467b76b44bcde707fccda74b)] -&gt; xpath: //button[@data-qa=&#039;login-button&#039;]]
Session ID: 83854e49467b76b44bcde707fccda74b" type="org.openqa.selenium.TimeoutException">
      <![CDATA[org.openqa.selenium.TimeoutException: timeout: Timed out receiving message from renderer: 30.000
  (Session info: chrome=148.0.7778.168)
Build info: version: '4.25.0', revision: '8a8aea2337'
System info: os.name: 'Windows 11', os.arch: 'amd64', os.version: '10.0', java.version: '21.0.10'
Driver info: org.openqa.selenium.chrome.ChromeDriver
Command: [83854e49467b76b44bcde707fccda74b, clickElement {id=f.0FB8A212D86B1F7CF1C7319A0D7233AA.d.29C92A246468F136F4D2438B4884F06A.e.115}]
Capabilities {acceptInsecureCerts: false, browserName: chrome, browserVersion: 148.0.7778.168, chrome: {chromedriverVersion: 148.0.7778.178 (d096af1c9e9..., userDataDir: C:\Users\Siddhi\AppData\Loc...}, fedcm:accounts: true, goog:chromeOptions: {debuggerAddress: localhost:60188}, goog:processID: 26020, networkConnectionEnabled: false, pageLoadStrategy: normal, platformName: windows, proxy: Proxy(), se:cdp: ws://localhost:60188/devtoo..., se:cdpVersion: 148.0.7778.168, setWindowRect: true, strictFileInteractability: false, timeouts: {implicit: 0, pageLoad: 300000, script: 30000}, unhandledPromptBehavior: dismiss and notify, webauthn:extension:credBlob: true, webauthn:extension:largeBlob: true, webauthn:extension:minPinLength: true, webauthn:extension:prf: true, webauthn:virtualAuthenticators: true}
Element: [[ChromeDriver: chrome on windows (83854e49467b76b44bcde707fccda74b)] -> xpath: //button[@data-qa='login-button']]
Session ID: 83854e49467b76b44bcde707fccda74b
at java.base/jdk.internal.reflect.DirectConstructorHandleAccessor.newInstance(DirectConstructorHandleAccessor.java:62)
at java.base/java.lang.reflect.Constructor.newInstanceWithCaller(Constructor.java:502)
at java.base/java.lang.reflect.Constructor.newInstance(Constructor.java:486)
at org.openqa.selenium.remote.ErrorCodec.decode(ErrorCodec.java:167)
at org.openqa.selenium.remote.codec.w3c.W3CHttpResponseCodec.decode(W3CHttpResponseCodec.java:138)
at org.openqa.selenium.remote.codec.w3c.W3CHttpResponseCodec.decode(W3CHttpResponseCodec.java:50)
at org.openqa.selenium.remote.HttpCommandExecutor.execute(HttpCommandExecutor.java:190)
at org.openqa.selenium.remote.service.DriverCommandExecutor.invokeExecute(DriverCommandExecutor.java:216)
at org.openqa.selenium.remote.service.DriverCommandExecutor.execute(DriverCommandExecutor.java:174)
at org.openqa.selenium.remote.RemoteWebDriver.execute(RemoteWebDriver.java:545)
at org.openqa.selenium.remote.RemoteWebElement.execute(RemoteWebElement.java:223)
at org.openqa.selenium.remote.RemoteWebElement.click(RemoteWebElement.java:76)
at java.base/jdk.internal.reflect.DirectMethodHandleAccessor.invoke(DirectMethodHandleAccessor.java:103)
at java.base/java.lang.reflect.Method.invoke(Method.java:580)
at org.openqa.selenium.support.pagefactory.internal.LocatingElementHandler.invoke(LocatingElementHandler.java:51)
at jdk.proxy2/jdk.proxy2.$Proxy33.click(Unknown Source)
at org.pages.qa.LoginPage.clickLoginButton(LoginPage.java:77)
at org.pages.qa.LoginPage.login(LoginPage.java:88)
at org.test.qa.HomePageTest.setUp(HomePageTest.java:31)
at java.base/jdk.internal.reflect.DirectMethodHandleAccessor.invoke(DirectMethodHandleAccessor.java:103)
at java.base/java.lang.reflect.Method.invoke(Method.java:580)
at org.testng.internal.invokers.MethodInvocationHelper.invokeMethod(MethodInvocationHelper.java:141)
at org.testng.internal.invokers.MethodInvocationHelper.invokeMethodConsideringTimeout(MethodInvocationHelper.java:71)
at org.testng.internal.invokers.ConfigInvoker.invokeConfigurationMethod(ConfigInvoker.java:400)
at org.testng.internal.invokers.ConfigInvoker.invokeConfigurations(ConfigInvoker.java:333)
at org.testng.internal.invokers.TestMethodWorker.invokeBeforeClassMethods(TestMethodWorker.java:188)
at org.testng.internal.invokers.TestMethodWorker.run(TestMethodWorker.java:128)
at java.base/java.util.ArrayList.forEach(ArrayList.java:1596)
at org.testng.TestRunner.privateRun(TestRunner.java:741)
at org.testng.TestRunner.run(TestRunner.java:616)
at org.testng.SuiteRunner.runTest(SuiteRunner.java:421)
at org.testng.SuiteRunner.runSequentially(SuiteRunner.java:413)
at org.testng.SuiteRunner.privateRun(SuiteRunner.java:373)
at org.testng.SuiteRunner.run(SuiteRunner.java:312)
at org.testng.SuiteRunnerWorker.runSuite(SuiteRunnerWorker.java:52)
at org.testng.SuiteRunnerWorker.run(SuiteRunnerWorker.java:95)
at org.testng.TestNG.runSuitesSequentially(TestNG.java:1274)
at org.testng.TestNG.runSuitesLocally(TestNG.java:1208)
at org.testng.TestNG.runSuites(TestNG.java:1112)
at org.testng.TestNG.run(TestNG.java:1079)
at org.testng.remote.AbstractRemoteTestNG.run(AbstractRemoteTestNG.java:115)
at org.testng.remote.RemoteTestNG.initAndRun(RemoteTestNG.java:293)
at org.testng.remote.RemoteTestNG.main(RemoteTestNG.java:91)
]]>
    </error>
  </testcase> <!-- setUp -->
  <testcase classname="org.test.qa.HomePageTest" name="homePageTest" time="0.000">
    <skipped/>
  </testcase> <!-- homePageTest -->
  <testcase classname="org.test.qa.HomePageTest" name="homePageTest" time="0.000">
    <skipped/>
  </testcase> <!-- homePageTest -->
  <testcase classname="org.test.qa.HomePageTest" name="homePageTest" time="0.000">
    <skipped/>
  </testcase> <!-- homePageTest -->
</testsuite> <!-- org.test.qa.HomePageTest -->
