<?xml version="1.0" encoding="UTF-8"?>
<!-- Generated by org.testng.reporters.JUnitReportReporter -->
<testsuite hostname="LAPTOP-9L7GU43Q" failures="0" tests="15" name="org.test.qa.ProductSearchTest" time="102.694" errors="0" timestamp="2026-05-16T00:21:12 IST" skipped="0">
  <testcase classname="org.test.qa.ProductSearchTest" name="searchUsingExcel" time="1.043"/>
  <testcase classname="org.test.qa.ProductSearchTest" name="searchUsingExcel" time="2.307"/>
  <testcase classname="org.test.qa.ProductSearchTest" name="searchUsingExcel" time="26.679"/>
  <testcase classname="org.test.qa.ProductSearchTest" name="searchUsingExcel" time="27.401"/>
  <testcase classname="org.test.qa.ProductSearchTest" name="searchUsingExcel" time="1.474"/>
  <testcase classname="org.test.qa.ProductSearchTest" name="searchUsingExcel" time="1.710"/>
  <testcase classname="org.test.qa.ProductSearchTest" name="searchUsingExcel" time="1.946"/>
  <testcase classname="org.test.qa.ProductSearchTest" name="searchUsingExcel" time="2.474"/>
  <testcase classname="org.test.qa.ProductSearchTest" name="searchUsingExcel" time="2.071"/>
  <testcase classname="org.test.qa.ProductSearchTest" name="verifySearchBoxVisible" time="0.012"/>
  <testcase classname="org.test.qa.ProductSearchTest" name="verifySearchButtonVisible" time="0.016"/>
  <testcase classname="org.test.qa.ProductSearchTest" name="searchValidProduct" time="2.853"/>
  <testcase classname="org.test.qa.ProductSearchTest" name="verifySearchResultKeyword" time="1.709"/>
  <testcase classname="org.test.qa.ProductSearchTest" name="invalidSearch" time="26.559"/>
  <testcase classname="org.test.qa.ProductSearchTest" name="openProductDetailPage" time="4.440"/>
</testsuite> <!-- org.test.qa.ProductSearchTest -->
