<?xml version="1.0" encoding="UTF-8"?>
<!-- Generated by org.testng.reporters.JUnitReportReporter -->
<testsuite hostname="LAPTOP-9L7GU43Q" failures="0" tests="4" name="org.test.qa.LoginUITest" time="24.221" errors="0" timestamp="2026-05-16T00:12:53 IST" skipped="0">
  <testcase classname="org.test.qa.LoginUITest" name="verifyEmailFieldDisplayed" time="5.858"/>
  <testcase classname="org.test.qa.LoginUITest" name="verifyPasswordFieldDisplayed" time="6.474"/>
  <testcase classname="org.test.qa.LoginUITest" name="verifyLoginButtonDisplayed" time="5.905"/>
  <testcase classname="org.test.qa.LoginUITest" name="verifyLoginPageTitle" time="5.984"/>
</testsuite> <!-- org.test.qa.LoginUITest -->
