<?xml version="1.0" encoding="UTF-8"?>
<!-- Generated by org.testng.reporters.JUnitReportReporter -->
<testsuite hostname="LAPTOP-9L7GU43Q" failures="0" tests="4" name="org.test.qa.LoginUITest" time="44.583" errors="0" timestamp="2026-05-22T09:05:11 IST" skipped="0">
  <testcase classname="org.test.qa.LoginUITest" name="verifyEmailFieldDisplayed" time="11.458"/>
  <testcase classname="org.test.qa.LoginUITest" name="verifyPasswordFieldDisplayed" time="8.519"/>
  <testcase classname="org.test.qa.LoginUITest" name="verifyLoginButtonDisplayed" time="12.005"/>
  <testcase classname="org.test.qa.LoginUITest" name="verifyLoginPageTitle" time="12.601"/>
</testsuite> <!-- org.test.qa.LoginUITest -->
