<?xml version="1.0" encoding="UTF-8"?>
<!-- Generated by org.testng.reporters.JUnitReportReporter -->
<testsuite hostname="LAPTOP-9L7GU43Q" failures="0" tests="15" name="org.test.qa.ProductSearchTest" time="129.386" errors="0" timestamp="2026-05-22T09:30:12 IST" skipped="0">
  <testcase classname="org.test.qa.ProductSearchTest" name="searchUsingExcel" time="3.507"/>
  <testcase classname="org.test.qa.ProductSearchTest" name="searchUsingExcel" time="3.684"/>
  <testcase classname="org.test.qa.ProductSearchTest" name="searchUsingExcel" time="27.956"/>
  <testcase classname="org.test.qa.ProductSearchTest" name="searchUsingExcel" time="2.591"/>
  <testcase classname="org.test.qa.ProductSearchTest" name="searchUsingExcel" time="5.534"/>
  <testcase classname="org.test.qa.ProductSearchTest" name="searchUsingExcel" time="4.147"/>
  <testcase classname="org.test.qa.ProductSearchTest" name="searchUsingExcel" time="26.883"/>
  <testcase classname="org.test.qa.ProductSearchTest" name="searchUsingExcel" time="5.815"/>
  <testcase classname="org.test.qa.ProductSearchTest" name="searchUsingExcel" time="2.868"/>
  <testcase classname="org.test.qa.ProductSearchTest" name="verifySearchBoxVisible" time="0.013"/>
  <testcase classname="org.test.qa.ProductSearchTest" name="verifySearchButtonVisible" time="0.016"/>
  <testcase classname="org.test.qa.ProductSearchTest" name="searchValidProduct" time="11.279"/>
  <testcase classname="org.test.qa.ProductSearchTest" name="verifySearchResultKeyword" time="3.276"/>
  <testcase classname="org.test.qa.ProductSearchTest" name="invalidSearch" time="26.935"/>
  <testcase classname="org.test.qa.ProductSearchTest" name="openProductDetailPage" time="4.882"/>
</testsuite> <!-- org.test.qa.ProductSearchTest -->
